<?xml version="1.0" encoding="UTF-8" standalone="yes" ?>
<test-results name="C:\Projetos\desafio_delphi\Test\Win32\Debug\ProjDesafioDelphiTest.exe" total="5" errors="0" failures="0" ignored="0" inconclusive="0" not-run="0" skipped="0" invalid="0" date="2022-04-29" time="0.115">
  <culture-info current-culture="en" current-uiculture="en" />
  <test-suite type="Assembly" name="ProjDesafioDelphiTest.exe" executed="true" result="Success" success="True" time="0.115" asserts="0">
    <results>
        <test-suite type="Namespace" name="Model" executed="true" result="Success" success="True" time="0.205" asserts="0" >
          <results>
              <test-suite type="Fixture" name="TDownloadTest" executed="True" result="Success" success="True" time="0.114" >
                <results>
                  <test-case name="IniciarSemLinkTest" executed="True" result="Success" success="True" time="0.000" asserts="0" />
                </results>
              </test-suite>
              <test-suite type="Fixture" name="TLibTest" executed="True" result="Success" success="True" time="0.091" >
                <results>
                  <test-case name="NomeArquivoValidoTest.Nome válido" executed="True" result="Success" success="True" time="0.000" asserts="0" />
                  <test-case name="NomeArquivoValidoTest.Nome inválido" executed="True" result="Success" success="True" time="0.000" asserts="0" />
                  <test-case name="ByteToKilobyteTest.Conversão 123287423 Bytes" executed="True" result="Success" success="True" time="0.000" asserts="0" />
                  <test-case name="KilobyteToMegabyteTest.Conversão 123287.423 KB" executed="True" result="Success" success="True" time="0.000" asserts="0" />
                </results>
              </test-suite>
          </results>
        </test-suite>
    </results>
  </test-suite>
</test-results>
